TN:
SF:controllers\authController.js
FN:5,(anonymous_0)
FN:10,(anonymous_1)
FN:17,(anonymous_2)
FN:32,(anonymous_3)
FN:111,(anonymous_4)
FN:155,(anonymous_5)
FN:160,(anonymous_6)
FN:163,(anonymous_7)
FNF:8
FNH:7
FNDA:12,(anonymous_0)
FNDA:19,(anonymous_1)
FNDA:0,(anonymous_2)
FNDA:12,(anonymous_3)
FNDA:7,(anonymous_4)
FNDA:1,(anonymous_5)
FNDA:2,(anonymous_6)
FNDA:1,(anonymous_7)
DA:1,1
DA:2,1
DA:3,1
DA:4,1
DA:5,1
DA:6,12
DA:7,12
DA:10,19
DA:17,1
DA:18,0
DA:19,0
DA:21,0
DA:22,0
DA:23,0
DA:25,0
DA:26,0
DA:29,0
DA:32,1
DA:33,12
DA:35,12
DA:36,12
DA:37,12
DA:38,12
DA:40,12
DA:42,12
DA:43,2
DA:46,12
DA:47,5
DA:51,12
DA:52,12
DA:54,12
DA:55,1
DA:58,12
DA:59,1
DA:62,12
DA:63,1
DA:66,12
DA:67,1
DA:70,12
DA:71,2
DA:74,12
DA:75,11
DA:76,11
DA:77,11
DA:80,1
DA:81,1
DA:86,1
DA:87,1
DA:90,1
DA:94,1
DA:106,0
DA:107,0
DA:111,1
DA:112,7
DA:113,7
DA:115,7
DA:116,7
DA:117,7
DA:118,3
DA:119,3
DA:120,3
DA:122,4
DA:123,4
DA:124,1
DA:125,1
DA:126,1
DA:128,3
DA:129,3
DA:130,3
DA:131,3
DA:134,3
DA:138,3
DA:150,0
DA:151,0
DA:155,1
DA:156,1
DA:157,1
DA:160,1
DA:161,2
DA:162,2
DA:163,1
DA:164,1
DA:165,0
DA:166,0
DA:168,1
DA:171,1
DA:172,1
DA:174,0
DA:179,1
LF:89
LH:74
BRDA:19,0,0,0
BRDA:19,0,1,0
BRDA:21,1,0,0
BRDA:21,1,1,0
BRDA:22,2,0,0
BRDA:22,2,1,0
BRDA:25,3,0,0
BRDA:25,3,1,0
BRDA:42,4,0,2
BRDA:42,4,1,10
BRDA:46,5,0,5
BRDA:46,5,1,7
BRDA:54,6,0,1
BRDA:54,6,1,11
BRDA:58,7,0,1
BRDA:58,7,1,11
BRDA:62,8,0,1
BRDA:62,8,1,11
BRDA:66,9,0,1
BRDA:66,9,1,11
BRDA:70,10,0,2
BRDA:70,10,1,10
BRDA:74,11,0,11
BRDA:74,11,1,1
BRDA:74,12,0,12
BRDA:74,12,1,10
BRDA:74,12,2,7
BRDA:117,13,0,3
BRDA:117,13,1,4
BRDA:123,14,0,1
BRDA:123,14,1,3
BRDA:130,15,0,0
BRDA:130,15,1,3
BRDA:162,16,0,1
BRDA:162,16,1,1
BRDA:164,17,0,0
BRDA:164,17,1,1
BRDA:171,18,0,1
BRDA:171,18,1,0
BRF:39
BRH:28
end_of_record
TN:
SF:controllers\userController.js
FN:3,(anonymous_0)
FNF:1
FNH:0
FNDA:0,(anonymous_0)
DA:1,1
DA:3,1
DA:4,0
DA:5,0
DA:7,0
DA:8,0
DA:13,0
DA:14,0
DA:15,0
DA:17,0
DA:19,0
DA:20,0
LF:12
LH:2
BRDA:13,0,0,0
BRDA:13,0,1,0
BRF:2
BRH:0
end_of_record
